<?xml version="1.0" encoding="UTF-8"?>
<!-- Generated by org.testng.reporters.JUnitXMLReporter -->
<testsuite ignored="0" hostname="sony-VAIO" failures="0" tests="4" name="TestingFirefox" time="362.188" errors="0" timestamp="2024-10-30T18:33:40 CDT">
  <testcase classname="crossandparllelbrowsertesting.ParameterAnnotation_1" name="browserlaunch" time="125.151"/>
  <testcase classname="crossandparllelbrowsertesting.ParameterAnnotation_2" name="browserlaunch" time="62.995"/>
  <testcase classname="crossandparllelbrowsertesting.ParameterAnnotation_3" name="browserlaunch" time="117.919"/>
  <testcase classname="crossandparllelbrowsertesting.ParameterAnnotation_4" name="browserlaunch" time="56.031"/>
</testsuite> <!-- TestingFirefox -->
