# JRE version: OpenJDK Runtime Environment Temurin-17.0.8.1+1 (17.0.8.1+1) (build 17.0.8.1+1)
# Java VM: OpenJDK 64-Bit Server VM Temurin-17.0.8.1+1 (17.0.8.1+1, mixed mode, tiered, compressed oops, compressed class ptrs, g1 gc, windows-amd64)
GC Precious Log:
 CPUs: 4 total, 4 available
 Memory: 8173M
 Large Page Support: Disabled
 NUMA Support: Disabled
 Compressed Oops: Enabled (32-bit)
 Heap Region Size: 1M
 Heap Min Capacity: 8M
 Heap Initial Capacity: 128M
 Heap Max Capacity: 2044M
 Pre-touch: Disabled
 Parallel Workers: 4
 Concurrent Workers: 1
 Concurrent Refinement Workers: 4
 Periodic GC: Disabled
Heap:
 garbage-first heap   total 58368K, used 19251K [0x0000000080400000, 0x0000000100000000)
  region size 1024K, 7 young (7168K), 2 survivors (2048K)
 Metaspace       used 21955K, committed 22208K, reserved 1114112K
  class space    used 2405K, committed 2496K, reserved 1048576K
GC Heap History (6 events):
Event: 3.324 GC heap before
{Heap before GC invocations=0 (full 0):
 garbage-first heap   total 131072K, used 19456K [0x0000000080400000, 0x0000000100000000)
  region size 1024K, 13 young (13312K), 0 survivors (0K)
 Metaspace       used 11197K, committed 11392K, reserved 1114112K
  class space    used 1113K, committed 1216K, reserved 1048576K
}
Event: 3.333 GC heap after
{Heap after GC invocations=1 (full 0):
 garbage-first heap   total 131072K, used 11424K [0x0000000080400000, 0x0000000100000000)
  region size 1024K, 2 young (2048K), 2 survivors (2048K)
 Metaspace       used 11197K, committed 11392K, reserved 1114112K
  class space    used 1113K, committed 1216K, reserved 1048576K
}
Event: 4.893 GC heap before
{Heap before GC invocations=1 (full 0):
 garbage-first heap   total 131072K, used 22688K [0x0000000080400000, 0x0000000100000000)
  region size 1024K, 14 young (14336K), 2 survivors (2048K)
 Metaspace       used 17072K, committed 17408K, reserved 1114112K
  class space    used 1757K, committed 1920K, reserved 1048576K
}
Event: 4.901 GC heap after
{Heap after GC invocations=2 (full 0):
 garbage-first heap   total 131072K, used 13555K [0x0000000080400000, 0x0000000100000000)
  region size 1024K, 2 young (2048K), 2 survivors (2048K)
 Metaspace       used 17072K, committed 17408K, reserved 1114112K
  class space    used 1757K, committed 1920K, reserved 1048576K
}
Event: 10.800 GC heap before
{Heap before GC invocations=2 (full 0):
 garbage-first heap   total 131072K, used 28915K [0x0000000080400000, 0x0000000100000000)
  region size 1024K, 18 young (18432K), 2 survivors (2048K)
 Metaspace       used 21250K, committed 21504K, reserved 1114112K
  class space    used 2310K, committed 2432K, reserved 1048576K
}
Event: 10.806 GC heap after
{Heap after GC invocations=3 (full 0):
 garbage-first heap   total 131072K, used 15155K [0x0000000080400000, 0x0000000100000000)
  region size 1024K, 2 young (2048K), 2 survivors (2048K)
 Metaspace       used 21250K, committed 21504K, reserved 1114112K
  class space    used 2310K, committed 2432K, reserved 1048576K
}

